1043
1534
1144
749
664
993
875
1149
242
11
210
1387
1690
1759
1260
1417
1738
173
1948
1399
1089
1077
381
11
162
1948
195
1452
454
1413
173
116
1843
323
199
622
1257
1173
1446
787
1571
1524
1516
68
27
1854
1551
1859
650
970
1615
1705
1325
570
842
1648
1854
735
444
613
1912
736
896
1582
214
862
623
226
848
1643
1436
1873
1607
1941
1448
17
346
49
1020
1622
56
1682
1792
266
1626
1657
1089
1295
149
1219
948
1991
1248
1995
329
142
879
675
616
-1
949
1338
814
449
98
1523
21
846
193
1342
838
247
152
-1
1960
1800
1146
351
1665
102
463
1275
1303
243
1606
455
986
780
213
728
1434
961
1480
678
278
-1
1126
927
914
1348
1505
1073
1853
705
113
286
365
1890
781
874
1797
1265
584
1228
1932
446
496
589
710
-1
1831
157
1928
335
435
1630
1404
868
1827
284
833
1358
580
1530
403
467
200
1890
1725
132
964
1008
738
1891
1527
-1
1551
518
1478
968
1266
423
356
45
873
1224
-1
312
1811
845
1503
644
139
78
1066
553
493
434
722
828
658
192
1847
1699
476
1346
1839
120
1701
1101
179
-1
296
796
1839
1386
659
729
-1
1855
10
1197
1216
1492
315
917
228
1369
655
1775
495
1236
1899
711
631
163
1273
1075
1433
101
1111
1787
230
253
1938
1288
565
697
347
719
239
1692
1746
1715
1476
872
637
349
717
1826
326
57
-1
532
1022
1485
381
1180
1604
1675
393
1323
772
1858
1955
1091
1294
401
25
700
378
792
1259
539
1420
-1
313
1959
749
548
372
666
1319
25
1117
1351
-1
600
-1
408
1786
103
75
586
1386
317
-1
1774
1014
1207
1467
1284
1109
173
1029
482
47
1010
1583
424
1956
271
76
1916
1395
485
733
1454
883
162
902
17
-1
1141
1942
1710
1840
1518
255
171
685
628
1944
527
-1
888
270
909
413
131
654
344
1773
915
1234
891
908
319
1812
1979
1832
1637
23
1790
-1
1105
805
804
1619
-1
1451
904
737
1181
844
478
1705
1210
978
822
337
1012
209
783
1572
538
236
1681
436
699
1241
235
950
1235
333
277
1762
-1
1427
1918
583
753
350
1803
210
1825
1582
1230
223
1068
1624
1791
39
-1
1541
1298
1368
254
130
122
1525
1414
503
798
299
1518
1453
-1
1363
26
1892
1785
-1
1531
1150
1880
419
1245
-1
1067
1578
1396
1326
1537
643
506
-1
750
861
65
1777
893
515
1983
30
-1
1344
44
185
1354
-1
788
1124
1186
1049
1471
489
429
1032
481
-1
994
-1
656
1364
686
1305
-1
519
1610
170
1751
1237
-1
714
19
1024
311
785
1148
1269
1632
51
1488
1320
409
924
221
1335
24
-1
342
1629
245
-1
1837
1138
1559
1300
64
857
-1
1740
913
1242
1402
1142
264
-1
1788
961
1042
1459
246
-1
1766
1793
1119
852
5
1589
1002
1416
611
150
1123
759
952
715
951
1155
-1
1621
937
758
1521
1328
-1
-1
1924
457
1120
998
531
1025
90
742
1519
1920
1978
1866
550
800
368
657
287
1469
508
136
1834
629
1996
276
87
-1
86
1693
1976
769
160
29
1367
-1
502
1669
1095
-1
899
-1
1366
332
1208
1064
1135
1262
1215
104
534
1517
1915
933
568
673
1255
1356
-1
1193
-1
1961
-1
1162
775
1244
211
1352
923
512
-1
383
819
-1
1875
871
389
866
695
1256
-1
625
284
1143
737
205
865
1654
1595
267
944
-1
1245
1922
662
83
621
212
1743
-1
1997
355
1798
22
-1
144
1682
1076
1498
1765
40
263
71
1423
1650
1856
-1
587
640
155
-1
886
1721
-1
1815
546
34
1687
1474
-1
703
1568
884
529
1939
735
959
412
1385
-1
936
1283
576
1382
1925
464
843
-1
8
701
175
322
-1
1418
1380
971
-1
447
345
33
1160
631
761
-1
439
288
-1
461
1536
303
1435
1985
1475
647
1112
367
-1
1103
1958
507
929
1962
1576
62
114
1205
1808
988
280
1936
992
510
1907
-1
955
671
1283
1871
876
696
359
1437
1113
360
1697
1954
1982
-1
52
957
990
1054
941
111
840
220
1296
324
1116
975
470
1250
84
560
-1
207
1046
330
-1
468
1360
1535
-1
549
-1
-1
1313
-1
1967
-1
921
582
972
1509
858
1249
984
-1
1573
50
1279
974
-1
1161
54
1910
768
1081
361
488
979
1400
1190
832
1041
1055
-1
-1
820
1561
340
1421
477
1974
517
922
1058
1989
748
1308
217
1154
1601
1156
1398
1611
-1
845
535
-1
806
1616
1641
1263
1685
-1
415
499
1379
793
755
791
1449
-1
376
1074
544
148
756
1618
1466
-1
272
154
1575
1337
-1
620
965
-1
818
38
1590
1204
1217
1139
1038
595
766
-1
-1
953
599
1668
1100
-1
414
180
660
1913
1906
-1
573
421
1592
85
339
-1
1818
1544
1964
95
426
100
-1
585
1438
-1
1422
652
293
354
417
1276
-1
627
1429
1179
3
738
956
1490
382
1078
-1
1251
-1
1287
720
-1
1264
1758
523
1043
-1
1553
690
604
219
1177
1070
-1
1157
1756
492
1455
1178
171
836
528
97
1090
399
808
-1
1377
448
251
-1
-1
1824
-1
1963
1258
896
370
-1
1363
-1
1482
777
-1
351
203
-1
572
1531
1748
1686
1816
870
1526
1114
1169
829
-1
973
1717
827
1187
-1
721
602
-1
423
-1
1044
1718
243
285
1652
935
1676
757
1552
905
1170
1061
1711
273
-1
1780
-1
-1
784
1984
165
410
-1
-1
919
925
112
216
-1
1016
137
-1
458
940
1212
505
1461
1543
1183
-1
1988
795
630
1900
1370
536
1254
741
-1
-1
-1
1097
-1
259
1023
487
1247
1656
981
1378
1003
1823
1973
779
1227
-1
-1
331
-1
1659
543
1651
1969
-1
1409
-1
638
848
1567
-1
1772
-1
940
-1
608
1163
1559
-1
-1
15
1098
366
58
-1
681
474
1001
494
357
688
-1
926
1436
561
764
-1
1243
-1
1351
-1
229
1926
1491
869
1168
1083
404
-1
605
1088
1534
1683
1211
677
698
1980
379
-1
-1
1110
15
1199
1667
-1
9
1883
-1
-1
-1
1140
1215
-1
1879
1128
1024
1456
297
-1
1334
691
1439
910
1115
-1
1118
66
-1
963
1981
-1
1358
189
314
1884
-1
1767
593
-1
-1
-1
1390
1881
-1
1817
939
1036
1930
1875
-1
-1
-1
867
-1
-1
1274
1443
1233
1836
854
-1
525
1768
176
776
-1
1182
1750
-1
751
228
1549
12
895
1914
1408
1432
289
1340
-1
739
1045
566
579
-1
1862
878
1799
223
1414
-1
-1
164
1191
1131
942
850
-1
1631
1059
20
-1
1472
-1
881
362
1565
1999
-1
1672
1560
551
240
-1
-1
1137
250
1870
674
936
-1
1864
61
1392
1807
1060
835
94
-1
1151
1372
1513
888
665
31
261
633
920
-1
265
396
373
989
188
1343
-1
1153
328
1053
1365
1624
1703
1192
1670
1372
725
1810
244
1035
1606
1412
-1
186
320
1633
985
554
1403
807
1203
889
1220
-1
651
1647
-1
-1
-1
744
1660
316
1795
-1
-1
1623
-1
35
-1
252
-1
1847
-1
135
1229
672
55
1737
-1
1695
986
1357
140
241
396
1450
1642
727
667
1725
-1
-1
-1
1302
987
559
1381
-1
885
1508
635
-1
183
1867
1998
-1
-1
-1
307
70
918
-1
1194
-1
60
168
-1
32
1655
898
609
547
1556
138
1857
125
1587
-1
472
752
1904
1779
166
1086
364
669
1239
692
346
-1
1805
823
640
1815
-1
96
1202
1268
-1
-1
1803
-1
-1
767
-1
170
934
7
774
1731
1087
1885
-1
1555
1842
1309
1373
1428
1588
797
911
-1
1753
1238
1804
1311
-1
1663
541
13
1209
1591
903
479
391
1226
-1
-1
723
438
-1
-1
-1
-1
1441
-1
262
430
445
484
1172
-1
1270
887
91
395
1698
269
204
-1
1581
524
-1
1745
-1
1331
1316
392
1680
-1
880
-1
1704
668
1
594
-1
834
1835
119
1333
521
394
-1
-1
1733
1761
-1
-1
837
-1
745
1410
704
433
810
1394
619
1030
67
556
-1
1389
1374
41
1874
1019
1425
333
-1
-1
1752
1987
-1
859
1174
1676
208
109
-1
-1
522
1214
244
1463
-1
-1
1691
397
-1
-1
754
763
1407
133
1887
1579
222
1052
141
-1
274
1706
-1
475
1708
617
1496
425
498
1501
1013
-1
906
1809
-1
-1
1661
-1
341
1549
1314
636
1613
1580
815
178
1679
-1
-1
275
1507
1426
560
1349
801
1213
1102
197
839
1966
-1
614
-1
1026
812
1712
1700
336
298
1849
1532
-1
1577
-1
1063
-1
-1
1833
101
1039
619
-1
877
571
1285
1529
1121
-1
1093
-1
-1
878
555
799
863
-1
129
1312
385
-1
-1
-1
334
1050
-1
99
441
427
1301
321
-1
390
1481
818
-1
794
204
943
1165
1080
513
712
-1
1231
1754
1691
1846
1707
81
1849
1784
1047
1031
117
959
-1
1528
-1
1159
1895
242
1802
59
1310
1597
1889
1554
1983
996
1430
1869
1888
1232
1600
1540
-1
1729
1609
-1
-1
1673
1946
1569
420
1741
-1
236
530
-1
569
-1
1755
-1
-1
1734
-1
353
-1
526
-1
-1
-1
304
-1
575
-1
601
-1
982
1769
1721
830
634
232
-1
-1
1943
-1
-1
-1
1830
1917
-1
-1
1472
483
1562
46
1877
1821
1497
983
1596
-1
295
-1
28
1989
-1
-1
-1
-1
1697
-1
-1
1684
708
-1
268
1542
1355
-1
1291
1104
997
1940
1339
-1
545
1719
-1
-1
1689
1499
1570
1477
773
1608
-1
1744
-1
897
1201
-1
97
